::1 - - [05/Mar/2021:08:46:29 +0700] "GET /index.php HTTP/1.1" 200 71416
::1 - - [05/Mar/2021:08:47:29 +0700] "-" 408 -
::1 - - [05/Mar/2021:09:16:59 +0700] "GET /index.php HTTP/1.1" 200 285
::1 - - [05/Mar/2021:09:17:59 +0700] "-" 408 -
::1 - - [05/Mar/2021:09:22:49 +0700] "GET /index.php HTTP/1.1" 200 75
::1 - - [05/Mar/2021:09:23:49 +0700] "-" 408 -
::1 - - [11/Mar/2021:10:36:28 +0700] "GET / HTTP/1.1" 200 75
::1 - - [11/Mar/2021:10:36:29 +0700] "GET /favicon.ico HTTP/1.1" 404 196
::1 - - [11/Mar/2021:10:37:28 +0700] "-" 408 -
::1 - - [11/Mar/2021:10:37:49 +0700] "GET / HTTP/1.1" 200 996
::1 - - [11/Mar/2021:10:37:49 +0700] "GET /css/style.css HTTP/1.1" 200 2137
::1 - - [11/Mar/2021:10:37:49 +0700] "GET /img/cielo-1000x600.png HTTP/1.1" 200 383046
::1 - - [11/Mar/2021:10:37:49 +0700] "GET /img/linii-siniy-fon.jpg HTTP/1.1" 200 1095098
::1 - - [11/Mar/2021:10:39:44 +0700] "GET / HTTP/1.1" 200 858
::1 - - [11/Mar/2021:10:40:44 +0700] "-" 408 -
::1 - - [11/Mar/2021:10:45:33 +0700] "GET / HTTP/1.1" 200 817
::1 - - [11/Mar/2021:10:46:33 +0700] "-" 408 -
::1 - - [11/Mar/2021:10:46:47 +0700] "GET / HTTP/1.1" 200 817
::1 - - [11/Mar/2021:10:46:56 +0700] "GET / HTTP/1.1" 200 817
::1 - - [11/Mar/2021:10:47:56 +0700] "-" 408 -
::1 - - [11/Mar/2021:10:48:04 +0700] "GET / HTTP/1.1" 200 817
::1 - - [11/Mar/2021:10:49:04 +0700] "-" 408 -
::1 - - [11/Mar/2021:10:49:48 +0700] "GET / HTTP/1.1" 200 833
::1 - - [11/Mar/2021:10:50:20 +0700] "GET / HTTP/1.1" 200 833
::1 - - [11/Mar/2021:10:50:44 +0700] "GET / HTTP/1.1" 200 833
::1 - - [11/Mar/2021:10:50:49 +0700] "GET / HTTP/1.1" 200 833
::1 - - [11/Mar/2021:10:51:08 +0700] "GET / HTTP/1.1" 200 834
::1 - - [11/Mar/2021:10:51:11 +0700] "GET / HTTP/1.1" 200 833
::1 - - [11/Mar/2021:10:51:53 +0700] "GET / HTTP/1.1" 200 833
::1 - - [11/Mar/2021:10:52:23 +0700] "GET / HTTP/1.1" 200 834
::1 - - [11/Mar/2021:10:53:23 +0700] "-" 408 -
::1 - - [11/Mar/2021:10:53:46 +0700] "GET / HTTP/1.1" 200 834
::1 - - [11/Mar/2021:10:54:19 +0700] "GET / HTTP/1.1" 200 834
::1 - - [11/Mar/2021:10:55:14 +0700] "GET /favicon.ico HTTP/1.1" 404 196
::1 - - [11/Mar/2021:10:55:16 +0700] "GET /index.php HTTP/1.1" 200 834
::1 - - [11/Mar/2021:10:55:47 +0700] "GET /index.php HTTP/1.1" 200 833
::1 - - [11/Mar/2021:10:56:47 +0700] "-" 408 -
::1 - - [11/Mar/2021:10:59:23 +0700] "GET /index.php HTTP/1.1" 200 817
::1 - - [11/Mar/2021:10:59:45 +0700] "GET /index.php HTTP/1.1" 200 817
::1 - - [11/Mar/2021:11:00:45 +0700] "-" 408 -
::1 - - [11/Mar/2021:11:01:20 +0700] "GET /index.php HTTP/1.1" 200 819
::1 - - [11/Mar/2021:11:02:20 +0700] "-" 408 -
::1 - - [11/Mar/2021:11:04:20 +0700] "GET /index.php HTTP/1.1" 200 819
::1 - - [11/Mar/2021:11:05:16 +0700] "GET /index.php HTTP/1.1" 200 820
::1 - - [11/Mar/2021:11:06:16 +0700] "-" 408 -
::1 - - [11/Mar/2021:11:06:43 +0700] "GET /index.php HTTP/1.1" 200 832
::1 - - [11/Mar/2021:11:07:12 +0700] "GET /index.php HTTP/1.1" 200 819
::1 - - [11/Mar/2021:11:08:12 +0700] "-" 408 -
::1 - - [11/Mar/2021:11:08:30 +0700] "-" 408 -
::1 - - [11/Mar/2021:11:11:35 +0700] "GET /css/style.css HTTP/1.1" 200 224
::1 - - [11/Mar/2021:11:11:43 +0700] "GET / HTTP/1.1" 200 819
::1 - - [11/Mar/2021:11:12:43 +0700] "-" 408 -
127.0.0.1 - - [11/Mar/2021:12:07:31 +0700] "GET / HTTP/1.1" 200 819
127.0.0.1 - - [11/Mar/2021:12:07:31 +0700] "GET /css/style.css HTTP/1.1" 200 241
127.0.0.1 - - [11/Mar/2021:12:07:31 +0700] "GET /favicon.ico HTTP/1.1" 404 196
127.0.0.1 - - [11/Mar/2021:12:07:33 +0700] "GET / HTTP/1.1" 200 819
127.0.0.1 - - [11/Mar/2021:12:07:34 +0700] "GET /css/style.css HTTP/1.1" 304 -
127.0.0.1 - - [11/Mar/2021:12:07:51 +0700] "GET / HTTP/1.1" 200 819
127.0.0.1 - - [11/Mar/2021:12:07:51 +0700] "GET /css/style.css HTTP/1.1" 200 224
::1 - - [11/Mar/2021:12:08:22 +0700] "GET / HTTP/1.1" 200 819
::1 - - [11/Mar/2021:12:08:22 +0700] "GET /css/style.css HTTP/1.1" 200 195
::1 - - [11/Mar/2021:12:08:30 +0700] "GET / HTTP/1.1" 200 819
::1 - - [11/Mar/2021:12:08:30 +0700] "GET /css/style.css HTTP/1.1" 200 197
::1 - - [11/Mar/2021:12:08:45 +0700] "GET / HTTP/1.1" 200 819
::1 - - [11/Mar/2021:12:08:45 +0700] "GET /css/style.css HTTP/1.1" 200 222
::1 - - [11/Mar/2021:12:08:57 +0700] "GET / HTTP/1.1" 200 819
::1 - - [11/Mar/2021:12:08:57 +0700] "GET /css/style.css HTTP/1.1" 200 254
::1 - - [11/Mar/2021:12:09:02 +0700] "GET / HTTP/1.1" 200 819
::1 - - [11/Mar/2021:12:09:02 +0700] "GET /css/style.css HTTP/1.1" 200 252
::1 - - [11/Mar/2021:12:09:29 +0700] "GET / HTTP/1.1" 200 819
::1 - - [11/Mar/2021:12:09:29 +0700] "GET /css/style.css HTTP/1.1" 200 254
::1 - - [11/Mar/2021:12:09:38 +0700] "GET / HTTP/1.1" 200 819
::1 - - [11/Mar/2021:12:09:38 +0700] "GET /css/style.css HTTP/1.1" 200 222
::1 - - [11/Mar/2021:12:10:11 +0700] "GET / HTTP/1.1" 200 819
::1 - - [11/Mar/2021:12:10:11 +0700] "GET /css/style.css HTTP/1.1" 200 316
::1 - - [11/Mar/2021:12:10:16 +0700] "GET / HTTP/1.1" 200 819
::1 - - [11/Mar/2021:12:10:16 +0700] "GET /css/style.css HTTP/1.1" 200 314
::1 - - [11/Mar/2021:12:11:11 +0700] "-" 408 -
::1 - - [11/Mar/2021:12:11:24 +0700] "GET / HTTP/1.1" 200 819
::1 - - [11/Mar/2021:12:11:24 +0700] "GET /css/style.css HTTP/1.1" 200 338
::1 - - [11/Mar/2021:12:11:35 +0700] "GET / HTTP/1.1" 200 819
::1 - - [11/Mar/2021:12:11:35 +0700] "GET /css/style.css HTTP/1.1" 200 370
::1 - - [11/Mar/2021:12:11:39 +0700] "GET / HTTP/1.1" 200 819
::1 - - [11/Mar/2021:12:11:39 +0700] "GET /css/style.css HTTP/1.1" 200 368
::1 - - [11/Mar/2021:12:12:14 +0700] "GET / HTTP/1.1" 200 819
::1 - - [11/Mar/2021:12:12:14 +0700] "GET /css/style.css HTTP/1.1" 200 375
::1 - - [11/Mar/2021:12:12:20 +0700] "GET / HTTP/1.1" 200 819
::1 - - [11/Mar/2021:12:12:20 +0700] "GET /css/style.css HTTP/1.1" 200 368
::1 - - [11/Mar/2021:12:13:20 +0700] "-" 408 -
::1 - - [11/Mar/2021:12:13:35 +0700] "GET / HTTP/1.1" 200 819
::1 - - [11/Mar/2021:12:13:35 +0700] "GET /css/style.css HTTP/1.1" 200 372
::1 - - [11/Mar/2021:12:14:11 +0700] "GET / HTTP/1.1" 200 819
::1 - - [11/Mar/2021:12:14:12 +0700] "GET /css/style.css HTTP/1.1" 200 378
::1 - - [11/Mar/2021:12:14:57 +0700] "GET / HTTP/1.1" 200 819
::1 - - [11/Mar/2021:12:14:57 +0700] "GET /css/style.css HTTP/1.1" 200 298
::1 - - [11/Mar/2021:12:15:26 +0700] "GET / HTTP/1.1" 200 819
::1 - - [11/Mar/2021:12:15:26 +0700] "GET /css/style.css HTTP/1.1" 200 298
::1 - - [11/Mar/2021:12:15:41 +0700] "GET / HTTP/1.1" 200 819
::1 - - [11/Mar/2021:12:15:41 +0700] "GET /css/style.css HTTP/1.1" 200 317
::1 - - [11/Mar/2021:12:16:41 +0700] "-" 408 -
::1 - - [11/Mar/2021:12:17:01 +0700] "GET / HTTP/1.1" 200 819
::1 - - [11/Mar/2021:12:17:01 +0700] "GET /css/style.css HTTP/1.1" 200 313
::1 - - [11/Mar/2021:12:17:19 +0700] "GET / HTTP/1.1" 200 819
::1 - - [11/Mar/2021:12:17:19 +0700] "GET /css/style.css HTTP/1.1" 200 314
::1 - - [11/Mar/2021:12:17:39 +0700] "GET / HTTP/1.1" 200 819
::1 - - [11/Mar/2021:12:17:39 +0700] "GET /css/style.css HTTP/1.1" 200 292
::1 - - [11/Mar/2021:12:17:59 +0700] "GET / HTTP/1.1" 200 819
::1 - - [11/Mar/2021:12:17:59 +0700] "GET /css/style.css HTTP/1.1" 200 310
::1 - - [11/Mar/2021:12:18:08 +0700] "GET / HTTP/1.1" 200 819
::1 - - [11/Mar/2021:12:18:08 +0700] "GET /css/style.css HTTP/1.1" 200 311
::1 - - [11/Mar/2021:12:18:15 +0700] "GET / HTTP/1.1" 200 819
::1 - - [11/Mar/2021:12:18:15 +0700] "GET /css/style.css HTTP/1.1" 200 311
::1 - - [11/Mar/2021:12:18:50 +0700] "GET / HTTP/1.1" 200 819
::1 - - [11/Mar/2021:12:18:50 +0700] "GET /css/style.css HTTP/1.1" 200 311
::1 - - [11/Mar/2021:12:19:16 +0700] "GET / HTTP/1.1" 200 819
::1 - - [11/Mar/2021:12:19:16 +0700] "GET /css/style.css HTTP/1.1" 200 283
::1 - - [11/Mar/2021:12:19:31 +0700] "GET / HTTP/1.1" 200 819
::1 - - [11/Mar/2021:12:19:31 +0700] "GET /css/style.css HTTP/1.1" 200 250
::1 - - [11/Mar/2021:12:19:36 +0700] "GET / HTTP/1.1" 200 819
::1 - - [11/Mar/2021:12:19:36 +0700] "GET /css/style.css HTTP/1.1" 200 252
::1 - - [11/Mar/2021:12:19:41 +0700] "GET / HTTP/1.1" 200 819
::1 - - [11/Mar/2021:12:19:41 +0700] "GET /css/style.css HTTP/1.1" 200 253
::1 - - [11/Mar/2021:12:19:57 +0700] "GET / HTTP/1.1" 200 819
::1 - - [11/Mar/2021:12:19:57 +0700] "GET /css/style.css HTTP/1.1" 200 262
::1 - - [11/Mar/2021:12:20:21 +0700] "GET / HTTP/1.1" 200 819
::1 - - [11/Mar/2021:12:20:21 +0700] "GET /css/style.css HTTP/1.1" 200 262
::1 - - [11/Mar/2021:12:21:10 +0700] "GET / HTTP/1.1" 200 819
::1 - - [11/Mar/2021:12:21:10 +0700] "GET /css/style.css HTTP/1.1" 304 -
::1 - - [11/Mar/2021:12:21:35 +0700] "GET / HTTP/1.1" 200 819
::1 - - [11/Mar/2021:12:21:35 +0700] "GET /css/style.css HTTP/1.1" 200 312
::1 - - [11/Mar/2021:12:21:49 +0700] "GET / HTTP/1.1" 200 819
::1 - - [11/Mar/2021:12:21:49 +0700] "GET /css/style.css HTTP/1.1" 200 333
::1 - - [11/Mar/2021:12:22:40 +0700] "GET / HTTP/1.1" 200 819
::1 - - [11/Mar/2021:12:22:40 +0700] "GET /css/style.css HTTP/1.1" 200 363
::1 - - [11/Mar/2021:12:23:15 +0700] "GET / HTTP/1.1" 200 819
::1 - - [11/Mar/2021:12:23:15 +0700] "GET /css/style.css HTTP/1.1" 200 352
::1 - - [11/Mar/2021:12:23:54 +0700] "GET / HTTP/1.1" 200 819
::1 - - [11/Mar/2021:12:23:54 +0700] "GET /css/style.css HTTP/1.1" 200 389
::1 - - [11/Mar/2021:12:24:54 +0700] "-" 408 -
::1 - - [11/Mar/2021:12:25:13 +0700] "GET / HTTP/1.1" 200 819
::1 - - [11/Mar/2021:12:25:13 +0700] "GET /css/style.css HTTP/1.1" 200 407
::1 - - [11/Mar/2021:12:25:42 +0700] "GET / HTTP/1.1" 200 819
::1 - - [11/Mar/2021:12:25:42 +0700] "GET /css/style.css HTTP/1.1" 200 407
::1 - - [11/Mar/2021:12:26:03 +0700] "GET / HTTP/1.1" 200 819
::1 - - [11/Mar/2021:12:26:03 +0700] "GET /css/style.css HTTP/1.1" 200 426
::1 - - [11/Mar/2021:12:26:20 +0700] "GET / HTTP/1.1" 200 819
::1 - - [11/Mar/2021:12:26:20 +0700] "GET /css/style.css HTTP/1.1" 200 445
::1 - - [11/Mar/2021:12:26:43 +0700] "GET / HTTP/1.1" 200 819
::1 - - [11/Mar/2021:12:26:43 +0700] "GET /css/style.css HTTP/1.1" 200 467
::1 - - [11/Mar/2021:12:27:43 +0700] "-" 408 -
::1 - - [11/Mar/2021:12:27:46 +0700] "GET / HTTP/1.1" 200 825
::1 - - [11/Mar/2021:12:27:46 +0700] "GET /css/style.css HTTP/1.1" 304 -
::1 - - [11/Mar/2021:12:27:58 +0700] "GET / HTTP/1.1" 200 837
::1 - - [11/Mar/2021:12:27:58 +0700] "GET /css/style.css HTTP/1.1" 304 -
::1 - - [11/Mar/2021:12:28:58 +0700] "-" 408 -
::1 - - [11/Mar/2021:12:29:49 +0700] "GET / HTTP/1.1" 200 837
::1 - - [11/Mar/2021:12:29:49 +0700] "GET /css/style.css HTTP/1.1" 200 469
::1 - - [11/Mar/2021:12:30:36 +0700] "GET / HTTP/1.1" 200 837
::1 - - [11/Mar/2021:12:30:36 +0700] "GET /css/style.css HTTP/1.1" 200 483
::1 - - [11/Mar/2021:12:31:12 +0700] "GET / HTTP/1.1" 200 837
::1 - - [11/Mar/2021:12:31:12 +0700] "GET /css/style.css HTTP/1.1" 304 -
::1 - - [11/Mar/2021:12:31:24 +0700] "GET / HTTP/1.1" 200 837
::1 - - [11/Mar/2021:12:31:24 +0700] "GET /css/style.css HTTP/1.1" 200 539
::1 - - [11/Mar/2021:12:31:41 +0700] "GET / HTTP/1.1" 200 837
::1 - - [11/Mar/2021:12:31:41 +0700] "GET /css/style.css HTTP/1.1" 200 564
::1 - - [11/Mar/2021:12:32:00 +0700] "GET / HTTP/1.1" 200 837
::1 - - [11/Mar/2021:12:32:00 +0700] "GET /css/style.css HTTP/1.1" 200 546
::1 - - [11/Mar/2021:12:32:06 +0700] "GET / HTTP/1.1" 200 837
::1 - - [11/Mar/2021:12:32:06 +0700] "GET /css/style.css HTTP/1.1" 200 544
::1 - - [11/Mar/2021:12:32:46 +0700] "GET / HTTP/1.1" 200 837
::1 - - [11/Mar/2021:12:32:46 +0700] "GET /css/style.css HTTP/1.1" 200 569
::1 - - [11/Mar/2021:12:32:55 +0700] "GET / HTTP/1.1" 200 837
::1 - - [11/Mar/2021:12:32:55 +0700] "GET /css/style.css HTTP/1.1" 200 570
::1 - - [11/Mar/2021:12:33:06 +0700] "GET / HTTP/1.1" 200 837
::1 - - [11/Mar/2021:12:33:06 +0700] "GET /css/style.css HTTP/1.1" 200 546
::1 - - [11/Mar/2021:12:33:16 +0700] "GET / HTTP/1.1" 200 837
::1 - - [11/Mar/2021:12:33:16 +0700] "GET /css/style.css HTTP/1.1" 200 526
::1 - - [11/Mar/2021:12:33:32 +0700] "GET / HTTP/1.1" 200 837
::1 - - [11/Mar/2021:12:33:32 +0700] "GET /css/style.css HTTP/1.1" 200 555
::1 - - [11/Mar/2021:12:33:42 +0700] "GET / HTTP/1.1" 200 837
::1 - - [11/Mar/2021:12:33:42 +0700] "GET /css/style.css HTTP/1.1" 200 577
::1 - - [11/Mar/2021:12:33:46 +0700] "GET / HTTP/1.1" 200 837
::1 - - [11/Mar/2021:12:33:46 +0700] "GET /css/style.css HTTP/1.1" 200 583
::1 - - [11/Mar/2021:12:33:51 +0700] "GET / HTTP/1.1" 200 837
::1 - - [11/Mar/2021:12:33:52 +0700] "GET /css/style.css HTTP/1.1" 200 577
::1 - - [11/Mar/2021:12:33:56 +0700] "GET / HTTP/1.1" 200 837
::1 - - [11/Mar/2021:12:33:56 +0700] "GET /css/style.css HTTP/1.1" 200 555
::1 - - [11/Mar/2021:12:34:51 +0700] "-" 408 -
::1 - - [11/Mar/2021:12:35:00 +0700] "GET / HTTP/1.1" 200 837
::1 - - [11/Mar/2021:12:35:00 +0700] "GET /css/style.css HTTP/1.1" 200 621
::1 - - [11/Mar/2021:12:35:12 +0700] "GET / HTTP/1.1" 200 837
::1 - - [11/Mar/2021:12:35:12 +0700] "GET /css/style.css HTTP/1.1" 200 622
::1 - - [11/Mar/2021:12:35:17 +0700] "GET / HTTP/1.1" 200 837
::1 - - [11/Mar/2021:12:35:17 +0700] "GET /css/style.css HTTP/1.1" 200 622
::1 - - [11/Mar/2021:12:35:36 +0700] "GET / HTTP/1.1" 200 837
::1 - - [11/Mar/2021:12:35:36 +0700] "GET /css/style.css HTTP/1.1" 200 623
::1 - - [11/Mar/2021:12:35:39 +0700] "GET / HTTP/1.1" 200 837
::1 - - [11/Mar/2021:12:35:39 +0700] "GET /css/style.css HTTP/1.1" 304 -
::1 - - [11/Mar/2021:12:35:43 +0700] "GET / HTTP/1.1" 200 837
::1 - - [11/Mar/2021:12:35:43 +0700] "GET /css/style.css HTTP/1.1" 200 623
::1 - - [11/Mar/2021:12:36:05 +0700] "GET / HTTP/1.1" 200 837
::1 - - [11/Mar/2021:12:36:05 +0700] "GET /css/style.css HTTP/1.1" 200 526
::1 - - [11/Mar/2021:12:37:05 +0700] "-" 408 -
::1 - - [11/Mar/2021:12:37:06 +0700] "GET / HTTP/1.1" 200 837
::1 - - [11/Mar/2021:12:37:06 +0700] "GET /css/style.css HTTP/1.1" 200 556
::1 - - [11/Mar/2021:12:37:10 +0700] "GET / HTTP/1.1" 200 837
::1 - - [11/Mar/2021:12:37:10 +0700] "GET /css/style.css HTTP/1.1" 200 555
::1 - - [11/Mar/2021:12:38:01 +0700] "GET /css/style.css HTTP/1.1" 304 -
::1 - - [11/Mar/2021:12:38:35 +0700] "GET / HTTP/1.1" 200 837
::1 - - [11/Mar/2021:12:38:35 +0700] "GET /css/style.css HTTP/1.1" 200 599
::1 - - [11/Mar/2021:12:39:11 +0700] "GET / HTTP/1.1" 200 837
::1 - - [11/Mar/2021:12:39:11 +0700] "GET /css/style.css HTTP/1.1" 200 544
::1 - - [11/Mar/2021:12:39:57 +0700] "GET / HTTP/1.1" 200 837
::1 - - [11/Mar/2021:12:39:57 +0700] "GET /css/style.css HTTP/1.1" 200 628
::1 - - [11/Mar/2021:12:40:57 +0700] "-" 408 -
::1 - - [11/Mar/2021:12:41:05 +0700] "GET / HTTP/1.1" 200 837
::1 - - [11/Mar/2021:12:41:05 +0700] "GET /css/style.css HTTP/1.1" 200 628
::1 - - [11/Mar/2021:12:41:17 +0700] "GET / HTTP/1.1" 200 837
::1 - - [11/Mar/2021:12:41:17 +0700] "GET /css/style.css HTTP/1.1" 200 632
::1 - - [11/Mar/2021:12:41:38 +0700] "GET / HTTP/1.1" 200 837
::1 - - [11/Mar/2021:12:41:38 +0700] "GET /css/style.css HTTP/1.1" 200 632
::1 - - [11/Mar/2021:12:41:46 +0700] "GET / HTTP/1.1" 200 837
::1 - - [11/Mar/2021:12:41:46 +0700] "GET /css/style.css HTTP/1.1" 200 632
::1 - - [11/Mar/2021:12:41:52 +0700] "GET / HTTP/1.1" 200 837
::1 - - [11/Mar/2021:12:41:52 +0700] "GET /css/style.css HTTP/1.1" 200 632
::1 - - [11/Mar/2021:12:42:29 +0700] "GET / HTTP/1.1" 200 837
::1 - - [11/Mar/2021:12:42:29 +0700] "GET /css/style.css HTTP/1.1" 200 636
::1 - - [11/Mar/2021:12:42:42 +0700] "GET / HTTP/1.1" 200 837
::1 - - [11/Mar/2021:12:42:42 +0700] "GET /css/style.css HTTP/1.1" 200 662
::1 - - [11/Mar/2021:12:43:40 +0700] "GET / HTTP/1.1" 200 837
::1 - - [11/Mar/2021:12:43:40 +0700] "GET /css/style.css HTTP/1.1" 200 564
::1 - - [11/Mar/2021:12:44:13 +0700] "GET / HTTP/1.1" 200 837
::1 - - [11/Mar/2021:12:44:13 +0700] "GET /css/style.css HTTP/1.1" 200 564
::1 - - [11/Mar/2021:12:44:21 +0700] "GET / HTTP/1.1" 200 837
::1 - - [11/Mar/2021:12:44:21 +0700] "GET /css/style.css HTTP/1.1" 200 562
::1 - - [11/Mar/2021:12:44:35 +0700] "GET / HTTP/1.1" 200 837
::1 - - [11/Mar/2021:12:44:35 +0700] "GET /css/style.css HTTP/1.1" 200 568
::1 - - [11/Mar/2021:12:44:37 +0700] "GET /css/style.css HTTP/1.1" 304 -
::1 - - [11/Mar/2021:12:45:16 +0700] "GET / HTTP/1.1" 200 837
::1 - - [11/Mar/2021:12:45:16 +0700] "GET /css/style.css HTTP/1.1" 200 567
::1 - - [11/Mar/2021:12:45:22 +0700] "GET / HTTP/1.1" 200 837
::1 - - [11/Mar/2021:12:45:22 +0700] "GET /css/style.css HTTP/1.1" 200 563
::1 - - [11/Mar/2021:12:46:00 +0700] "GET / HTTP/1.1" 200 837
::1 - - [11/Mar/2021:12:46:00 +0700] "GET /css/style.css HTTP/1.1" 200 593
::1 - - [11/Mar/2021:12:46:06 +0700] "GET / HTTP/1.1" 200 837
::1 - - [11/Mar/2021:12:46:06 +0700] "GET /css/style.css HTTP/1.1" 200 593
::1 - - [11/Mar/2021:12:47:06 +0700] "-" 408 -
::1 - - [11/Mar/2021:12:48:45 +0700] "GET / HTTP/1.1" 200 837
::1 - - [11/Mar/2021:12:48:45 +0700] "GET /css/style.css HTTP/1.1" 200 623
::1 - - [11/Mar/2021:12:48:54 +0700] "GET / HTTP/1.1" 200 837
::1 - - [11/Mar/2021:12:48:54 +0700] "GET /css/style.css HTTP/1.1" 200 593
::1 - - [11/Mar/2021:12:49:35 +0700] "GET / HTTP/1.1" 200 837
::1 - - [11/Mar/2021:12:49:35 +0700] "GET /css/style.css HTTP/1.1" 200 612
::1 - - [11/Mar/2021:12:49:42 +0700] "GET / HTTP/1.1" 200 837
::1 - - [11/Mar/2021:12:49:42 +0700] "GET /css/style.css HTTP/1.1" 200 612
::1 - - [11/Mar/2021:12:49:55 +0700] "GET / HTTP/1.1" 200 837
::1 - - [11/Mar/2021:12:49:55 +0700] "GET /css/style.css HTTP/1.1" 200 631
::1 - - [11/Mar/2021:12:50:02 +0700] "GET / HTTP/1.1" 200 837
::1 - - [11/Mar/2021:12:50:02 +0700] "GET /css/style.css HTTP/1.1" 200 642
::1 - - [11/Mar/2021:12:50:18 +0700] "GET / HTTP/1.1" 200 837
::1 - - [11/Mar/2021:12:50:18 +0700] "GET /css/style.css HTTP/1.1" 200 612
::1 - - [11/Mar/2021:12:50:44 +0700] "GET / HTTP/1.1" 200 837
::1 - - [11/Mar/2021:12:50:44 +0700] "GET /css/style.css HTTP/1.1" 200 629
::1 - - [11/Mar/2021:12:50:49 +0700] "GET / HTTP/1.1" 200 837
::1 - - [11/Mar/2021:12:50:49 +0700] "GET /css/style.css HTTP/1.1" 200 631
::1 - - [11/Mar/2021:12:50:51 +0700] "GET /css/style.css HTTP/1.1" 304 -
::1 - - [11/Mar/2021:12:51:29 +0700] "GET / HTTP/1.1" 200 837
::1 - - [11/Mar/2021:12:51:29 +0700] "GET /css/style.css HTTP/1.1" 200 612
::1 - - [11/Mar/2021:12:52:09 +0700] "GET / HTTP/1.1" 200 837
::1 - - [11/Mar/2021:12:52:09 +0700] "GET /css/style.css HTTP/1.1" 200 640
::1 - - [11/Mar/2021:12:52:21 +0700] "GET / HTTP/1.1" 200 837
::1 - - [11/Mar/2021:12:52:21 +0700] "GET /css/style.css HTTP/1.1" 200 639
::1 - - [11/Mar/2021:12:52:28 +0700] "GET / HTTP/1.1" 200 837
::1 - - [11/Mar/2021:12:52:29 +0700] "GET /css/style.css HTTP/1.1" 200 640
::1 - - [11/Mar/2021:12:52:47 +0700] "GET / HTTP/1.1" 200 837
::1 - - [11/Mar/2021:12:52:48 +0700] "GET /css/style.css HTTP/1.1" 200 652
::1 - - [11/Mar/2021:12:52:55 +0700] "GET / HTTP/1.1" 200 837
::1 - - [11/Mar/2021:12:52:55 +0700] "GET /css/style.css HTTP/1.1" 200 651
::1 - - [11/Mar/2021:12:53:10 +0700] "GET / HTTP/1.1" 200 837
::1 - - [11/Mar/2021:12:53:10 +0700] "GET /css/style.css HTTP/1.1" 200 651
::1 - - [11/Mar/2021:12:53:17 +0700] "GET / HTTP/1.1" 200 837
::1 - - [11/Mar/2021:12:53:17 +0700] "GET /css/style.css HTTP/1.1" 200 652
::1 - - [11/Mar/2021:12:53:24 +0700] "GET / HTTP/1.1" 200 837
::1 - - [11/Mar/2021:12:53:24 +0700] "GET /css/style.css HTTP/1.1" 200 652
::1 - - [11/Mar/2021:12:53:28 +0700] "GET / HTTP/1.1" 200 837
::1 - - [11/Mar/2021:12:53:28 +0700] "GET /css/style.css HTTP/1.1" 200 652
::1 - - [11/Mar/2021:12:53:44 +0700] "GET / HTTP/1.1" 200 837
::1 - - [11/Mar/2021:12:53:44 +0700] "GET /css/style.css HTTP/1.1" 200 677
::1 - - [11/Mar/2021:12:53:52 +0700] "GET / HTTP/1.1" 200 837
::1 - - [11/Mar/2021:12:53:52 +0700] "GET /css/style.css HTTP/1.1" 200 677
::1 - - [11/Mar/2021:12:53:56 +0700] "GET / HTTP/1.1" 200 837
::1 - - [11/Mar/2021:12:53:56 +0700] "GET /css/style.css HTTP/1.1" 200 677
::1 - - [11/Mar/2021:12:54:03 +0700] "GET / HTTP/1.1" 200 837
::1 - - [11/Mar/2021:12:54:03 +0700] "GET /css/style.css HTTP/1.1" 200 678
::1 - - [11/Mar/2021:12:54:35 +0700] "GET / HTTP/1.1" 200 837
::1 - - [11/Mar/2021:12:54:35 +0700] "GET /css/style.css HTTP/1.1" 200 702
::1 - - [11/Mar/2021:12:54:41 +0700] "GET / HTTP/1.1" 200 837
::1 - - [11/Mar/2021:12:54:41 +0700] "GET /css/style.css HTTP/1.1" 200 702
::1 - - [11/Mar/2021:12:55:11 +0700] "GET / HTTP/1.1" 200 837
::1 - - [11/Mar/2021:12:55:11 +0700] "GET /css/style.css HTTP/1.1" 200 724
::1 - - [11/Mar/2021:12:55:24 +0700] "GET / HTTP/1.1" 200 837
::1 - - [11/Mar/2021:12:55:24 +0700] "GET /css/style.css HTTP/1.1" 200 749
::1 - - [11/Mar/2021:12:56:24 +0700] "-" 408 -
::1 - - [11/Mar/2021:13:24:20 +0700] "GET /index.php HTTP/1.1" 200 1087
::1 - - [11/Mar/2021:13:24:20 +0700] "GET /css/style.css HTTP/1.1" 304 -
::1 - - [11/Mar/2021:13:25:20 +0700] "-" 408 -
::1 - - [11/Mar/2021:13:25:26 +0700] "GET / HTTP/1.1" 200 1086
::1 - - [11/Mar/2021:13:26:26 +0700] "-" 408 -
::1 - - [11/Mar/2021:13:27:08 +0700] "GET / HTTP/1.1" 200 1086
::1 - - [11/Mar/2021:13:27:56 +0700] "GET / HTTP/1.1" 200 1022
::1 - - [11/Mar/2021:13:27:56 +0700] "GET /css/style.css HTTP/1.1" 304 -
::1 - - [11/Mar/2021:13:28:56 +0700] "-" 408 -
::1 - - [11/Mar/2021:13:29:14 +0700] "GET / HTTP/1.1" 200 1022
::1 - - [11/Mar/2021:13:29:28 +0700] "GET / HTTP/1.1" 200 935
::1 - - [11/Mar/2021:13:30:21 +0700] "GET / HTTP/1.1" 200 935
::1 - - [11/Mar/2021:13:30:46 +0700] "GET / HTTP/1.1" 200 940
::1 - - [11/Mar/2021:13:31:08 +0700] "GET / HTTP/1.1" 200 940
::1 - - [11/Mar/2021:13:31:38 +0700] "GET / HTTP/1.1" 200 940
::1 - - [11/Mar/2021:13:31:38 +0700] "GET /css/style.css HTTP/1.1" 304 -
::1 - - [11/Mar/2021:13:32:38 +0700] "-" 408 -
::1 - - [11/Mar/2021:13:32:56 +0700] "GET / HTTP/1.1" 200 952
::1 - - [11/Mar/2021:13:33:11 +0700] "GET / HTTP/1.1" 200 952
::1 - - [11/Mar/2021:13:33:24 +0700] "GET / HTTP/1.1" 200 1041
::1 - - [11/Mar/2021:13:33:37 +0700] "GET / HTTP/1.1" 200 1041
::1 - - [11/Mar/2021:13:34:22 +0700] "GET / HTTP/1.1" 200 952
::1 - - [11/Mar/2021:13:34:30 +0700] "GET / HTTP/1.1" 200 905
::1 - - [11/Mar/2021:13:35:30 +0700] "-" 408 -
::1 - - [11/Mar/2021:13:39:07 +0700] "GET / HTTP/1.1" 200 940
::1 - - [11/Mar/2021:13:39:07 +0700] "GET /css/style.css HTTP/1.1" 304 -
::1 - - [11/Mar/2021:13:39:08 +0700] "POST /input.php HTTP/1.1" 404 196
::1 - - [11/Mar/2021:13:40:07 +0700] "-" 408 -
::1 - - [11/Mar/2021:13:40:16 +0700] "-" 408 -
::1 - - [11/Mar/2021:13:40:49 +0700] "GET / HTTP/1.1" 200 1013
::1 - - [11/Mar/2021:13:40:50 +0700] "POST /input.php HTTP/1.1" 404 196
::1 - - [11/Mar/2021:13:41:49 +0700] "-" 408 -
::1 - - [11/Mar/2021:13:41:56 +0700] "-" 408 -
::1 - - [11/Mar/2021:13:42:50 +0700] "GET / HTTP/1.1" 200 1013
::1 - - [11/Mar/2021:13:42:51 +0700] "POST /input.php HTTP/1.1" 200 3
::1 - - [11/Mar/2021:13:43:50 +0700] "-" 408 -
::1 - - [11/Mar/2021:14:07:55 +0700] "POST /input.php HTTP/1.1" 200 -
::1 - - [11/Mar/2021:14:08:53 +0700] "-" 408 -
::1 - - [11/Mar/2021:14:09:00 +0700] "POST /input.php HTTP/1.1" 200 12
::1 - - [11/Mar/2021:14:09:12 +0700] "POST /input.php HTTP/1.1" 200 12
::1 - - [11/Mar/2021:14:09:22 +0700] "POST /input.php HTTP/1.1" 200 17
::1 - - [11/Mar/2021:14:10:22 +0700] "-" 408 -
::1 - - [11/Mar/2021:14:14:35 +0700] "POST /input.php HTTP/1.1" 200 281
::1 - - [11/Mar/2021:14:14:35 +0700] "GET /css/style.css HTTP/1.1" 304 -
::1 - - [11/Mar/2021:14:14:56 +0700] "POST /input.php HTTP/1.1" 200 298
::1 - - [11/Mar/2021:14:15:44 +0700] "POST /input.php HTTP/1.1" 200 181
::1 - - [11/Mar/2021:14:15:51 +0700] "POST /input.php HTTP/1.1" 200 312
::1 - - [11/Mar/2021:14:16:51 +0700] "-" 408 -
::1 - - [11/Mar/2021:14:20:20 +0700] "GET /index.php HTTP/1.1" 200 1013
::1 - - [11/Mar/2021:14:20:21 +0700] "POST /input.php HTTP/1.1" 200 312
::1 - - [11/Mar/2021:14:21:20 +0700] "-" 408 -
::1 - - [11/Mar/2021:14:21:54 +0700] "-" 408 -
::1 - - [11/Mar/2021:14:22:01 +0700] "POST /input.php HTTP/1.1" 200 312
::1 - - [11/Mar/2021:14:22:24 +0700] "GET /css/style.css HTTP/1.1" 200 804
::1 - - [11/Mar/2021:14:22:45 +0700] "POST /input.php HTTP/1.1" 200 312
::1 - - [11/Mar/2021:14:22:45 +0700] "GET /css/style.css HTTP/1.1" 200 827
::1 - - [11/Mar/2021:14:22:53 +0700] "POST /input.php HTTP/1.1" 200 312
::1 - - [11/Mar/2021:14:22:54 +0700] "GET /css/style.css HTTP/1.1" 304 -
::1 - - [11/Mar/2021:14:22:54 +0700] "POST /input.php HTTP/1.1" 200 312
::1 - - [11/Mar/2021:14:22:54 +0700] "POST /input.php HTTP/1.1" 200 312
::1 - - [11/Mar/2021:14:22:54 +0700] "POST /input.php HTTP/1.1" 200 312
::1 - - [11/Mar/2021:14:22:55 +0700] "POST /input.php HTTP/1.1" 200 312
::1 - - [11/Mar/2021:14:22:55 +0700] "GET /css/style.css HTTP/1.1" 304 -
::1 - - [11/Mar/2021:14:22:55 +0700] "POST /input.php HTTP/1.1" 200 312
::1 - - [11/Mar/2021:14:22:58 +0700] "GET /css/style.css HTTP/1.1" 304 -
::1 - - [11/Mar/2021:14:23:04 +0700] "POST /input.php HTTP/1.1" 200 312
::1 - - [11/Mar/2021:14:23:04 +0700] "GET /css/style.css HTTP/1.1" 304 -
::1 - - [11/Mar/2021:14:23:23 +0700] "POST /input.php HTTP/1.1" 200 312
::1 - - [11/Mar/2021:14:23:23 +0700] "GET /css/style.css HTTP/1.1" 200 827
::1 - - [11/Mar/2021:14:23:52 +0700] "POST /input.php HTTP/1.1" 200 312
::1 - - [11/Mar/2021:14:23:52 +0700] "GET /css/style.css HTTP/1.1" 200 852
::1 - - [11/Mar/2021:14:24:01 +0700] "POST /input.php HTTP/1.1" 200 312
::1 - - [11/Mar/2021:14:24:01 +0700] "GET /css/style.css HTTP/1.1" 200 874
::1 - - [11/Mar/2021:14:24:10 +0700] "POST /input.php HTTP/1.1" 200 312
::1 - - [11/Mar/2021:14:24:10 +0700] "GET /css/style.css HTTP/1.1" 200 873
::1 - - [11/Mar/2021:14:24:23 +0700] "POST /input.php HTTP/1.1" 200 312
::1 - - [11/Mar/2021:14:24:23 +0700] "GET /css/style.css HTTP/1.1" 200 874
::1 - - [11/Mar/2021:14:24:36 +0700] "POST /input.php HTTP/1.1" 200 312
::1 - - [11/Mar/2021:14:24:36 +0700] "GET /css/style.css HTTP/1.1" 304 -
::1 - - [11/Mar/2021:14:25:02 +0700] "POST /input.php HTTP/1.1" 200 319
::1 - - [11/Mar/2021:14:25:02 +0700] "GET /css/style.css HTTP/1.1" 304 -
::1 - - [11/Mar/2021:14:25:24 +0700] "POST /input.php HTTP/1.1" 200 319
::1 - - [11/Mar/2021:14:25:24 +0700] "GET /css/style.css HTTP/1.1" 304 -
::1 - - [11/Mar/2021:14:25:28 +0700] "POST /input.php HTTP/1.1" 200 325
::1 - - [11/Mar/2021:14:25:59 +0700] "POST /input.php HTTP/1.1" 200 325
::1 - - [11/Mar/2021:14:25:59 +0700] "GET /css/style.css HTTP/1.1" 200 874
::1 - - [11/Mar/2021:14:26:29 +0700] "POST /input.php HTTP/1.1" 200 325
::1 - - [11/Mar/2021:14:26:29 +0700] "GET /css/style.css HTTP/1.1" 304 -
::1 - - [11/Mar/2021:14:26:31 +0700] "POST /input.php HTTP/1.1" 200 323
::1 - - [11/Mar/2021:14:27:22 +0700] "-" 408 -
::1 - - [11/Mar/2021:14:29:26 +0700] "POST /input.php HTTP/1.1" 200 323
::1 - - [11/Mar/2021:14:29:26 +0700] "GET /css/style.css HTTP/1.1" 304 -
::1 - - [11/Mar/2021:14:30:04 +0700] "-" 408 -
::1 - - [11/Mar/2021:14:43:17 +0700] "POST /input.php HTTP/1.1" 200 412
::1 - - [11/Mar/2021:14:43:17 +0700] "GET /css/style.css HTTP/1.1" 304 -
::1 - - [11/Mar/2021:14:43:36 +0700] "POST /input.php HTTP/1.1" 200 412
::1 - - [11/Mar/2021:14:43:40 +0700] "POST /input.php HTTP/1.1" 200 412
::1 - - [11/Mar/2021:14:43:49 +0700] "GET /css/style.css HTTP/1.1" 200 873
::1 - - [11/Mar/2021:14:43:52 +0700] "POST /input.php HTTP/1.1" 200 412
::1 - - [11/Mar/2021:14:43:56 +0700] "POST /input.php HTTP/1.1" 200 412
::1 - - [11/Mar/2021:14:44:27 +0700] "GET /css/style.css HTTP/1.1" 304 -
::1 - - [11/Mar/2021:14:44:29 +0700] "GET /css/style.css HTTP/1.1" 304 -
::1 - - [11/Mar/2021:14:44:32 +0700] "POST /input.php HTTP/1.1" 200 412
::1 - - [11/Mar/2021:14:44:56 +0700] "POST /input.php HTTP/1.1" 200 412
::1 - - [11/Mar/2021:14:45:44 +0700] "POST /input.php HTTP/1.1" 200 412
::1 - - [11/Mar/2021:14:45:44 +0700] "GET /css/style.css HTTP/1.1" 200 882
::1 - - [11/Mar/2021:14:46:44 +0700] "-" 408 -
::1 - - [11/Mar/2021:16:21:25 +0700] "GET /phpmyadmin HTTP/1.1" 301 236
::1 - - [11/Mar/2021:16:21:25 +0700] "GET /phpmyadmin/ HTTP/1.1" 200 140
::1 - - [11/Mar/2021:16:21:50 +0700] "GET /phpMyAdmin/ HTTP/1.1" 200 140
::1 - - [11/Mar/2021:16:22:11 +0700] "GET /phpMyAdmin/ HTTP/1.1" 200 140
::1 - - [11/Mar/2021:16:23:11 +0700] "-" 408 -
::1 - - [11/Mar/2021:16:23:30 +0700] "GET /phpMyAdmin/ HTTP/1.1" 200 140
::1 - - [11/Mar/2021:16:23:31 +0700] "GET /phpMyAdmin/ HTTP/1.1" 200 140
::1 - - [11/Mar/2021:16:24:30 +0700] "-" 408 -
::1 - - [11/Mar/2021:16:25:48 +0700] "GET /phpMyAdmin/ HTTP/1.1" 200 140
::1 - - [11/Mar/2021:16:26:48 +0700] "-" 408 -
::1 - - [11/Mar/2021:16:31:46 +0700] "GET / HTTP/1.1" 200 1019
::1 - - [11/Mar/2021:16:31:46 +0700] "GET /css/style.css HTTP/1.1" 200 882
::1 - - [11/Mar/2021:16:32:02 +0700] "GET /phpmyadmin/index.php HTTP/1.1" 200 140
::1 - - [11/Mar/2021:16:32:08 +0700] "GET /phpmyadmin/ HTTP/1.1" 200 140
::1 - - [11/Mar/2021:16:33:08 +0700] "-" 408 -
::1 - - [11/Mar/2021:16:33:36 +0700] "GET /phpmyadmin/ HTTP/1.1" 200 140
::1 - - [11/Mar/2021:16:34:36 +0700] "-" 408 -
::1 - - [11/Mar/2021:16:37:51 +0700] "GET /phpmyadmin/ HTTP/1.1" 200 140
::1 - - [11/Mar/2021:16:38:51 +0700] "-" 408 -
::1 - - [11/Mar/2021:16:39:33 +0700] "GET /phpmyadmin/ HTTP/1.1" 200 140
::1 - - [11/Mar/2021:16:40:33 +0700] "-" 408 -
::1 - - [11/Mar/2021:16:45:26 +0700] "GET /phpmyadmin/ HTTP/1.1" 200 140
::1 - - [11/Mar/2021:16:46:26 +0700] "-" 408 -
::1 - - [11/Mar/2021:16:51:07 +0700] "GET /phpmyadmin/ HTTP/1.1" 200 140
::1 - - [11/Mar/2021:16:52:07 +0700] "-" 408 -
::1 - - [11/Mar/2021:16:52:12 +0700] "GET /phpmyadmin/ HTTP/1.1" 200 140
::1 - - [11/Mar/2021:16:53:12 +0700] "-" 408 -
::1 - - [11/Mar/2021:16:57:10 +0700] "GET /Tools/phpMyAdmin HTTP/1.1" 404 196
::1 - - [11/Mar/2021:16:58:10 +0700] "-" 408 -
::1 - - [11/Mar/2021:17:00:04 +0700] "GET /phpMyAdmin HTTP/1.1" 301 236
::1 - - [11/Mar/2021:17:00:04 +0700] "GET /phpMyAdmin/ HTTP/1.1" 200 140
::1 - - [11/Mar/2021:17:01:04 +0700] "-" 408 -
::1 - - [11/Mar/2021:17:22:52 +0700] "GET /phpMyAdmin/ HTTP/1.1" 500 1288
::1 - - [11/Mar/2021:17:22:53 +0700] "GET /phpMyAdmin/favicon.ico HTTP/1.1" 200 22486
::1 - - [11/Mar/2021:17:23:02 +0700] "GET /phpMyAdmin/doc/html/faq.html HTTP/1.1" 200 202927
::1 - - [11/Mar/2021:17:23:02 +0700] "GET /phpMyAdmin/doc/html/_static/classic.css HTTP/1.1" 200 4146
::1 - - [11/Mar/2021:17:23:02 +0700] "GET /phpMyAdmin/doc/html/_static/pygments.css HTTP/1.1" 200 4395
::1 - - [11/Mar/2021:17:23:02 +0700] "GET /phpMyAdmin/doc/html/_static/documentation_options.js HTTP/1.1" 200 309
::1 - - [11/Mar/2021:17:23:02 +0700] "GET /phpMyAdmin/doc/html/_static/basic.css HTTP/1.1" 200 10912
::1 - - [11/Mar/2021:17:23:02 +0700] "GET /phpMyAdmin/doc/html/_static/underscore.js HTTP/1.1" 200 58319
::1 - - [11/Mar/2021:17:23:02 +0700] "GET /phpMyAdmin/doc/html/_static/doctools.js HTTP/1.1" 200 9313
::1 - - [11/Mar/2021:17:23:02 +0700] "GET /phpMyAdmin/doc/html/_static/jquery.js HTTP/1.1" 200 271809
::1 - - [11/Mar/2021:17:23:02 +0700] "GET /phpMyAdmin/doc/html/_static/language_data.js HTTP/1.1" 200 10847
::1 - - [11/Mar/2021:17:27:37 +0700] "GET /phpMyAdmin/ HTTP/1.1" 500 1288
::1 - - [11/Mar/2021:17:27:37 +0700] "GET /phpMyAdmin/favicon.ico HTTP/1.1" 200 22486
::1 - - [11/Mar/2021:17:27:38 +0700] "GET /phpMyAdmin/ HTTP/1.1" 500 1288
::1 - - [11/Mar/2021:17:27:38 +0700] "GET /phpMyAdmin/favicon.ico HTTP/1.1" 200 22486
::1 - - [11/Mar/2021:17:27:39 +0700] "GET /phpMyAdmin/ HTTP/1.1" 500 1288
::1 - - [11/Mar/2021:17:27:39 +0700] "GET /phpMyAdmin/favicon.ico HTTP/1.1" 200 22486
::1 - - [11/Mar/2021:17:27:39 +0700] "GET /phpMyAdmin/ HTTP/1.1" 500 1288
::1 - - [11/Mar/2021:17:27:39 +0700] "GET /phpMyAdmin/favicon.ico HTTP/1.1" 200 22486
::1 - - [11/Mar/2021:17:27:42 +0700] "GET /phpMyAdmin/url.php?url=https%3A%2F%2Fsecure.php.net%2Fmanual%2Fru%2Fbook.mysqli.php HTTP/1.1" 200 193
::1 - - [11/Mar/2021:17:28:42 +0700] "-" 408 -
::1 - - [11/Mar/2021:17:30:46 +0700] "GET /phpMyAdmin/ HTTP/1.1" 500 1288
::1 - - [11/Mar/2021:17:30:46 +0700] "GET /phpMyAdmin/favicon.ico HTTP/1.1" 200 22486
::1 - - [11/Mar/2021:17:31:29 +0700] "GET /phpMyAdmin/ HTTP/1.1" 500 1288
::1 - - [11/Mar/2021:17:31:29 +0700] "GET /phpMyAdmin/favicon.ico HTTP/1.1" 200 22486
::1 - - [11/Mar/2021:18:26:55 +0700] "-" 408 -
::1 - - [11/Mar/2021:18:26:55 +0700] "-" 408 -
