[Fri Mar 05 08:46:12.660500 2021] [core:warn] [pid 22136:tid 632] AH00098: pid file C:/Apache24/logs/httpd.pid overwritten -- Unclean shutdown of previous Apache run?
PHP Warning:  PHP Startup: Unable to load dynamic library 'mysqli' (tried: ext\\mysqli (\xd0\x9d\xd0\xb5 \xd0\xbd\xd0\xb0\xd0\xb9\xd0\xb4\xd0\xb5\xd0\xbd \xd1\x83\xd0\xba\xd0\xb0\xd0\xb7\xd0\xb0\xd0\xbd\xd0\xbd\xd1\x8b\xd0\xb9 \xd0\xbc\xd0\xbe\xd0\xb4\xd1\x83\xd0\xbb\xd1\x8c), ext\\php_mysqli.dll (\xd0\x9d\xd0\xb5 \xd0\xbd\xd0\xb0\xd0\xb9\xd0\xb4\xd0\xb5\xd0\xbd \xd1\x83\xd0\xba\xd0\xb0\xd0\xb7\xd0\xb0\xd0\xbd\xd0\xbd\xd1\x8b\xd0\xb9 \xd0\xbc\xd0\xbe\xd0\xb4\xd1\x83\xd0\xbb\xd1\x8c)) in Unknown on line 0
[Fri Mar 05 08:46:12.682520 2021] [mpm_winnt:notice] [pid 22136:tid 632] AH00455: Apache/2.4.46 (Win64) PHP/8.0.3 configured -- resuming normal operations
[Fri Mar 05 08:46:12.682520 2021] [mpm_winnt:notice] [pid 22136:tid 632] AH00456: Apache Lounge VS16 Server built: Feb 17 2021 13:11:14
[Fri Mar 05 08:46:12.682520 2021] [core:notice] [pid 22136:tid 632] AH00094: Command line: 'C:\\Apache24\\bin\\httpd.exe -d C:/Apache24'
[Fri Mar 05 08:46:12.684522 2021] [mpm_winnt:notice] [pid 22136:tid 632] AH00418: Parent: Created child process 13404
Apache server shutdown initiated...
 load dynamic library 'mysqli' (tried: ext\\mysqli (\xd0\x9d\xd0\xb5 \xd0\xbd\xd0\xb0\xd0\xb9\xd0\xb4\xd0\xb5\xd0\xbd \xd1\x83\xd0\xba\xd0\xb0\xd0\xb7\xd0\xb0\xd0\xbd\xd0\xbd\xd1\x8b\xd0\xb9 \xd0\xbc\xd0\xbe\xd0\xb4\xd1\x83\xd0\xbb\xd1\x8c), ext\\php_mysqli.dll (\xd0\x9d\xd0\xb5 \xd0\xbd\xd0\xb0\xd0\xb9\xd0\xb4\xd0\xb5\xd0\xbd \xd1\x83\xd0\xba\xd0\xb0\xd0\xb7\xd0\xb0\xd0\xbd\xd0\xbd\xd1\x8b\xd0\xb9 \xd0\xbc\xd0\xbe\xd0\xb4\xd1\x83\xd0\xbb\xd1\x8c)) in Unknown on line 0
[Fri Mar 05 08:46:13.146974 2021] [mpm_winnt:notice] [pid 13404:tid 688] AH00354: Child: Starting 64 worker threads.
[Sat Mar 06 09:05:58.676778 2021] [mpm_winnt:notice] [pid 22136:tid 632] AH00422: Parent: Received shutdown signal -- Shutting down the server.
[Sat Mar 06 09:06:00.688940 2021] [mpm_winnt:notice] [pid 13404:tid 688] AH00364: Child: All worker threads have exited.
[Sat Mar 06 09:06:03.169762 2021] [mpm_winnt:notice] [pid 22136:tid 632] AH00430: Parent: Child process 13404 exited successfully.
PHP Warning:  PHP Startup: Unable to load dynamic library 'mysqli' (tried: ext\\mysqli (\xd0\x9d\xd0\xb5 \xd0\xbd\xd0\xb0\xd0\xb9\xd0\xb4\xd0\xb5\xd0\xbd \xd1\x83\xd0\xba\xd0\xb0\xd0\xb7\xd0\xb0\xd0\xbd\xd0\xbd\xd1\x8b\xd0\xb9 \xd0\xbc\xd0\xbe\xd0\xb4\xd1\x83\xd0\xbb\xd1\x8c), ext\\php_mysqli.dll (\xd0\x9d\xd0\xb5 \xd0\xbd\xd0\xb0\xd0\xb9\xd0\xb4\xd0\xb5\xd0\xbd \xd1\x83\xd0\xba\xd0\xb0\xd0\xb7\xd0\xb0\xd0\xbd\xd0\xbd\xd1\x8b\xd0\xb9 \xd0\xbc\xd0\xbe\xd0\xb4\xd1\x83\xd0\xbb\xd1\x8c)) in Unknown on line 0
[Thu Mar 11 10:36:18.760973 2021] [mpm_winnt:notice] [pid 23864:tid 728] AH00455: Apache/2.4.46 (Win64) PHP/8.0.3 configured -- resuming normal operations
[Thu Mar 11 10:36:18.760973 2021] [mpm_winnt:notice] [pid 23864:tid 728] AH00456: Apache Lounge VS16 Server built: Feb 17 2021 13:11:14
[Thu Mar 11 10:36:18.760973 2021] [core:notice] [pid 23864:tid 728] AH00094: Command line: 'C:\\Apache24\\bin\\httpd.exe -d C:/Apache24'
[Thu Mar 11 10:36:18.764977 2021] [mpm_winnt:notice] [pid 23864:tid 728] AH00418: Parent: Created child process 27692
Apache server shutdown initiated...
 load dynamic library 'mysqli' (tried: ext\\mysqli (\xd0\x9d\xd0\xb5 \xd0\xbd\xd0\xb0\xd0\xb9\xd0\xb4\xd0\xb5\xd0\xbd \xd1\x83\xd0\xba\xd0\xb0\xd0\xb7\xd0\xb0\xd0\xbd\xd0\xbd\xd1\x8b\xd0\xb9 \xd0\xbc\xd0\xbe\xd0\xb4\xd1\x83\xd0\xbb\xd1\x8c), ext\\php_mysqli.dll (\xd0\x9d\xd0\xb5 \xd0\xbd\xd0\xb0\xd0\xb9\xd0\xb4\xd0\xb5\xd0\xbd \xd1\x83\xd0\xba\xd0\xb0\xd0\xb7\xd0\xb0\xd0\xbd\xd0\xbd\xd1\x8b\xd0\xb9 \xd0\xbc\xd0\xbe\xd0\xb4\xd1\x83\xd0\xbb\xd1\x8c)) in Unknown on line 0
[Thu Mar 11 10:36:19.332492 2021] [mpm_winnt:notice] [pid 27692:tid 692] AH00354: Child: Starting 64 worker threads.
[Thu Mar 11 10:53:58.112038 2021] [mpm_winnt:notice] [pid 23864:tid 728] AH00422: Parent: Received shutdown signal -- Shutting down the server.
[Thu Mar 11 10:54:16.153074 2021] [core:warn] [pid 29196:tid 592] AH00098: pid file C:/Apache24/logs/httpd.pid overwritten -- Unclean shutdown of previous Apache run?
PHP Warning:  PHP Startup: Unable to load dynamic library 'mysqli' (tried: ext\\mysqli (\xd0\x9d\xd0\xb5 \xd0\xbd\xd0\xb0\xd0\xb9\xd0\xb4\xd0\xb5\xd0\xbd \xd1\x83\xd0\xba\xd0\xb0\xd0\xb7\xd0\xb0\xd0\xbd\xd0\xbd\xd1\x8b\xd0\xb9 \xd0\xbc\xd0\xbe\xd0\xb4\xd1\x83\xd0\xbb\xd1\x8c), ext\\php_mysqli.dll (\xd0\x9d\xd0\xb5 \xd0\xbd\xd0\xb0\xd0\xb9\xd0\xb4\xd0\xb5\xd0\xbd \xd1\x83\xd0\xba\xd0\xb0\xd0\xb7\xd0\xb0\xd0\xbd\xd0\xbd\xd1\x8b\xd0\xb9 \xd0\xbc\xd0\xbe\xd0\xb4\xd1\x83\xd0\xbb\xd1\x8c)) in Unknown on line 0
[Thu Mar 11 10:54:16.168087 2021] [mpm_winnt:notice] [pid 29196:tid 592] AH00455: Apache/2.4.46 (Win64) PHP/8.0.3 configured -- resuming normal operations
[Thu Mar 11 10:54:16.168087 2021] [mpm_winnt:notice] [pid 29196:tid 592] AH00456: Apache Lounge VS16 Server built: Feb 17 2021 13:11:14
[Thu Mar 11 10:54:16.168087 2021] [core:notice] [pid 29196:tid 592] AH00094: Command line: 'C:\\Apache24\\bin\\httpd.exe -d C:/Apache24'
[Thu Mar 11 10:54:16.170089 2021] [mpm_winnt:notice] [pid 29196:tid 592] AH00418: Parent: Created child process 15044
Apache server shutdown initiated...
 load dynamic library 'mysqli' (tried: ext\\mysqli (\xd0\x9d\xd0\xb5 \xd0\xbd\xd0\xb0\xd0\xb9\xd0\xb4\xd0\xb5\xd0\xbd \xd1\x83\xd0\xba\xd0\xb0\xd0\xb7\xd0\xb0\xd0\xbd\xd0\xbd\xd1\x8b\xd0\xb9 \xd0\xbc\xd0\xbe\xd0\xb4\xd1\x83\xd0\xbb\xd1\x8c), ext\\php_mysqli.dll (\xd0\x9d\xd0\xb5 \xd0\xbd\xd0\xb0\xd0\xb9\xd0\xb4\xd0\xb5\xd0\xbd \xd1\x83\xd0\xba\xd0\xb0\xd0\xb7\xd0\xb0\xd0\xbd\xd0\xbd\xd1\x8b\xd0\xb9 \xd0\xbc\xd0\xbe\xd0\xb4\xd1\x83\xd0\xbb\xd1\x8c)) in Unknown on line 0
[Thu Mar 11 10:54:16.520451 2021] [mpm_winnt:notice] [pid 15044:tid 668] AH00354: Child: Starting 64 worker threads.
[Thu Mar 11 10:54:19.142501 2021] [mpm_winnt:notice] [pid 27692:tid 692] AH00364: Child: All worker threads have exited.
[Thu Mar 11 11:10:55.810274 2021] [mpm_winnt:notice] [pid 29196:tid 592] AH00422: Parent: Received shutdown signal -- Shutting down the server.
[Thu Mar 11 11:10:57.812692 2021] [mpm_winnt:notice] [pid 15044:tid 668] AH00364: Child: All worker threads have exited.
[Thu Mar 11 11:10:59.560168 2021] [mpm_winnt:notice] [pid 29196:tid 592] AH00430: Parent: Child process 15044 exited successfully.
PHP Warning:  PHP Startup: Unable to load dynamic library 'mysqli' (tried: ext\\mysqli (\xd0\x9d\xd0\xb5 \xd0\xbd\xd0\xb0\xd0\xb9\xd0\xb4\xd0\xb5\xd0\xbd \xd1\x83\xd0\xba\xd0\xb0\xd0\xb7\xd0\xb0\xd0\xbd\xd0\xbd\xd1\x8b\xd0\xb9 \xd0\xbc\xd0\xbe\xd0\xb4\xd1\x83\xd0\xbb\xd1\x8c), ext\\php_mysqli.dll (\xd0\x9d\xd0\xb5 \xd0\xbd\xd0\xb0\xd0\xb9\xd0\xb4\xd0\xb5\xd0\xbd \xd1\x83\xd0\xba\xd0\xb0\xd0\xb7\xd0\xb0\xd0\xbd\xd0\xbd\xd1\x8b\xd0\xb9 \xd0\xbc\xd0\xbe\xd0\xb4\xd1\x83\xd0\xbb\xd1\x8c)) in Unknown on line 0
[Thu Mar 11 11:11:30.423604 2021] [mpm_winnt:notice] [pid 26292:tid 700] AH00455: Apache/2.4.46 (Win64) PHP/8.0.3 configured -- resuming normal operations
[Thu Mar 11 11:11:30.423604 2021] [mpm_winnt:notice] [pid 26292:tid 700] AH00456: Apache Lounge VS16 Server built: Feb 17 2021 13:11:14
[Thu Mar 11 11:11:30.423604 2021] [core:notice] [pid 26292:tid 700] AH00094: Command line: 'C:\\Apache24\\bin\\httpd.exe -d C:/Apache24'
[Thu Mar 11 11:11:30.425606 2021] [mpm_winnt:notice] [pid 26292:tid 700] AH00418: Parent: Created child process 8976
Apache server shutdown initiated...
 load dynamic library 'mysqli' (tried: ext\\mysqli (\xd0\x9d\xd0\xb5 \xd0\xbd\xd0\xb0\xd0\xb9\xd0\xb4\xd0\xb5\xd0\xbd \xd1\x83\xd0\xba\xd0\xb0\xd0\xb7\xd0\xb0\xd0\xbd\xd0\xbd\xd1\x8b\xd0\xb9 \xd0\xbc\xd0\xbe\xd0\xb4\xd1\x83\xd0\xbb\xd1\x8c), ext\\php_mysqli.dll (\xd0\x9d\xd0\xb5 \xd0\xbd\xd0\xb0\xd0\xb9\xd0\xb4\xd0\xb5\xd0\xbd \xd1\x83\xd0\xba\xd0\xb0\xd0\xb7\xd0\xb0\xd0\xbd\xd0\xbd\xd1\x8b\xd0\xb9 \xd0\xbc\xd0\xbe\xd0\xb4\xd1\x83\xd0\xbb\xd1\x8c)) in Unknown on line 0
[Thu Mar 11 11:11:30.771433 2021] [mpm_winnt:notice] [pid 8976:tid 176] AH00354: Child: Starting 64 worker threads.
[Thu Mar 11 11:11:50.489162 2021] [mpm_winnt:notice] [pid 26292:tid 700] AH00422: Parent: Received shutdown signal -- Shutting down the server.
[Thu Mar 11 11:12:22.431431 2021] [mpm_winnt:notice] [pid 8976:tid 176] AH00362: Child: Waiting 30 more seconds for 1 worker threads to finish.
[Thu Mar 11 11:12:45.664163 2021] [mpm_winnt:notice] [pid 8976:tid 176] AH00364: Child: All worker threads have exited.
[Thu Mar 11 12:07:31.199264 2021] [core:warn] [pid 12972:tid 552] AH00098: pid file C:/Apache24/logs/httpd.pid overwritten -- Unclean shutdown of previous Apache run?
PHP Warning:  PHP Startup: Unable to load dynamic library 'mysqli' (tried: ext\\mysqli (\xd0\x9d\xd0\xb5 \xd0\xbd\xd0\xb0\xd0\xb9\xd0\xb4\xd0\xb5\xd0\xbd \xd1\x83\xd0\xba\xd0\xb0\xd0\xb7\xd0\xb0\xd0\xbd\xd0\xbd\xd1\x8b\xd0\xb9 \xd0\xbc\xd0\xbe\xd0\xb4\xd1\x83\xd0\xbb\xd1\x8c), ext\\php_mysqli.dll (\xd0\x9d\xd0\xb5 \xd0\xbd\xd0\xb0\xd0\xb9\xd0\xb4\xd0\xb5\xd0\xbd \xd1\x83\xd0\xba\xd0\xb0\xd0\xb7\xd0\xb0\xd0\xbd\xd0\xbd\xd1\x8b\xd0\xb9 \xd0\xbc\xd0\xbe\xd0\xb4\xd1\x83\xd0\xbb\xd1\x8c)) in Unknown on line 0
[Thu Mar 11 12:07:31.213281 2021] [mpm_winnt:notice] [pid 12972:tid 552] AH00455: Apache/2.4.46 (Win64) PHP/8.0.3 configured -- resuming normal operations
[Thu Mar 11 12:07:31.213281 2021] [mpm_winnt:notice] [pid 12972:tid 552] AH00456: Apache Lounge VS16 Server built: Feb 17 2021 13:11:14
[Thu Mar 11 12:07:31.213281 2021] [core:notice] [pid 12972:tid 552] AH00094: Command line: 'C:\\Apache24\\bin\\httpd.exe -d C:/Apache24'
[Thu Mar 11 12:07:31.216284 2021] [mpm_winnt:notice] [pid 12972:tid 552] AH00418: Parent: Created child process 31160
Apache server shutdown initiated...
 load dynamic library 'mysqli' (tried: ext\\mysqli (\xd0\x9d\xd0\xb5 \xd0\xbd\xd0\xb0\xd0\xb9\xd0\xb4\xd0\xb5\xd0\xbd \xd1\x83\xd0\xba\xd0\xb0\xd0\xb7\xd0\xb0\xd0\xbd\xd0\xbd\xd1\x8b\xd0\xb9 \xd0\xbc\xd0\xbe\xd0\xb4\xd1\x83\xd0\xbb\xd1\x8c), ext\\php_mysqli.dll (\xd0\x9d\xd0\xb5 \xd0\xbd\xd0\xb0\xd0\xb9\xd0\xb4\xd0\xb5\xd0\xbd \xd1\x83\xd0\xba\xd0\xb0\xd0\xb7\xd0\xb0\xd0\xbd\xd0\xbd\xd1\x8b\xd0\xb9 \xd0\xbc\xd0\xbe\xd0\xb4\xd1\x83\xd0\xbb\xd1\x8c)) in Unknown on line 0
[Thu Mar 11 12:07:31.583621 2021] [mpm_winnt:notice] [pid 31160:tid 672] AH00354: Child: Starting 64 worker threads.
[Thu Mar 11 13:27:56.319892 2021] [php:warn] [pid 31160:tid 1156] [client ::1:54503] PHP Warning:  Undefined variable $nickname in C:\\localhost\\index.php on line 23
[Thu Mar 11 13:29:14.603078 2021] [php:warn] [pid 31160:tid 1164] [client ::1:54585] PHP Warning:  Undefined variable $nickname in C:\\localhost\\index.php on line 24
[Thu Mar 11 13:33:24.604909 2021] [php:warn] [pid 31160:tid 1164] [client ::1:54744] PHP Warning:  Undefined array key "nickname" in C:\\localhost\\index.php on line 19
[Thu Mar 11 13:33:37.484113 2021] [php:warn] [pid 31160:tid 1156] [client ::1:54752] PHP Warning:  Undefined array key "nickname" in C:\\localhost\\index.php on line 19
[Thu Mar 11 13:39:08.684177 2021] [php:error] [pid 31160:tid 1164] [client ::1:53346] script 'C:/localhost/input.php' not found or unable to stat, referer: http://localhost/
[Thu Mar 11 13:40:50.128024 2021] [php:error] [pid 31160:tid 1164] [client ::1:53412] script 'C:/localhost/input.php' not found or unable to stat, referer: http://localhost/
[Thu Mar 11 14:15:44.546908 2021] [php:error] [pid 31160:tid 1156] [client ::1:53615] PHP Parse error:  syntax error, unexpected identifier "hello", expecting "," or ";" in C:\\localhost\\input.php on line 17, referer: http://localhost/
[Thu Mar 11 14:21:03.301923 2021] [mpm_winnt:notice] [pid 12972:tid 552] AH00422: Parent: Received shutdown signal -- Shutting down the server.
[Thu Mar 11 14:21:35.246587 2021] [mpm_winnt:notice] [pid 31160:tid 672] AH00362: Child: Waiting 30 more seconds for 1 worker threads to finish.
[Thu Mar 11 14:21:52.785246 2021] [core:warn] [pid 21484:tid 596] AH00098: pid file C:/Apache24/logs/httpd.pid overwritten -- Unclean shutdown of previous Apache run?
PHP Warning:  PHP Startup: Unable to load dynamic library 'mysqli' (tried: ext\\mysqli (\xd0\x9d\xd0\xb5 \xd0\xbd\xd0\xb0\xd0\xb9\xd0\xb4\xd0\xb5\xd0\xbd \xd1\x83\xd0\xba\xd0\xb0\xd0\xb7\xd0\xb0\xd0\xbd\xd0\xbd\xd1\x8b\xd0\xb9 \xd0\xbc\xd0\xbe\xd0\xb4\xd1\x83\xd0\xbb\xd1\x8c), ext\\php_mysqli.dll (\xd0\x9d\xd0\xb5 \xd0\xbd\xd0\xb0\xd0\xb9\xd0\xb4\xd0\xb5\xd0\xbd \xd1\x83\xd0\xba\xd0\xb0\xd0\xb7\xd0\xb0\xd0\xbd\xd0\xbd\xd1\x8b\xd0\xb9 \xd0\xbc\xd0\xbe\xd0\xb4\xd1\x83\xd0\xbb\xd1\x8c)) in Unknown on line 0
[Thu Mar 11 14:21:52.800260 2021] [mpm_winnt:notice] [pid 21484:tid 596] AH00455: Apache/2.4.46 (Win64) PHP/8.0.3 configured -- resuming normal operations
[Thu Mar 11 14:21:52.800260 2021] [mpm_winnt:notice] [pid 21484:tid 596] AH00456: Apache Lounge VS16 Server built: Feb 17 2021 13:11:14
[Thu Mar 11 14:21:52.800260 2021] [core:notice] [pid 21484:tid 596] AH00094: Command line: 'C:\\Apache24\\bin\\httpd.exe -d C:/Apache24'
[Thu Mar 11 14:21:52.803263 2021] [mpm_winnt:notice] [pid 21484:tid 596] AH00418: Parent: Created child process 12436
Apache server shutdown initiated...
 load dynamic library 'mysqli' (tried: ext\\mysqli (\xd0\x9d\xd0\xb5 \xd0\xbd\xd0\xb0\xd0\xb9\xd0\xb4\xd0\xb5\xd0\xbd \xd1\x83\xd0\xba\xd0\xb0\xd0\xb7\xd0\xb0\xd0\xbd\xd0\xbd\xd1\x8b\xd0\xb9 \xd0\xbc\xd0\xbe\xd0\xb4\xd1\x83\xd0\xbb\xd1\x8c), ext\\php_mysqli.dll (\xd0\x9d\xd0\xb5 \xd0\xbd\xd0\xb0\xd0\xb9\xd0\xb4\xd0\xb5\xd0\xbd \xd1\x83\xd0\xba\xd0\xb0\xd0\xb7\xd0\xb0\xd0\xbd\xd0\xbd\xd1\x8b\xd0\xb9 \xd0\xbc\xd0\xbe\xd0\xb4\xd1\x83\xd0\xbb\xd1\x8c)) in Unknown on line 0
[Thu Mar 11 14:21:53.179620 2021] [mpm_winnt:notice] [pid 12436:tid 736] AH00354: Child: Starting 64 worker threads.
[Thu Mar 11 14:21:56.071343 2021] [mpm_winnt:notice] [pid 31160:tid 672] AH00364: Child: All worker threads have exited.
[Thu Mar 11 16:23:17.527658 2021] [mpm_winnt:notice] [pid 21484:tid 596] AH00422: Parent: Received shutdown signal -- Shutting down the server.
[Thu Mar 11 16:23:19.529316 2021] [mpm_winnt:notice] [pid 12436:tid 736] AH00364: Child: All worker threads have exited.
[Thu Mar 11 16:23:25.959845 2021] [core:warn] [pid 18476:tid 564] AH00098: pid file C:/Apache24/logs/httpd.pid overwritten -- Unclean shutdown of previous Apache run?
PHP Warning:  PHP Startup: Unable to load dynamic library 'mysqli' (tried: ext\\mysqli (\xd0\x9d\xd0\xb5 \xd0\xbd\xd0\xb0\xd0\xb9\xd0\xb4\xd0\xb5\xd0\xbd \xd1\x83\xd0\xba\xd0\xb0\xd0\xb7\xd0\xb0\xd0\xbd\xd0\xbd\xd1\x8b\xd0\xb9 \xd0\xbc\xd0\xbe\xd0\xb4\xd1\x83\xd0\xbb\xd1\x8c), ext\\php_mysqli.dll (\xd0\x9d\xd0\xb5 \xd0\xbd\xd0\xb0\xd0\xb9\xd0\xb4\xd0\xb5\xd0\xbd \xd1\x83\xd0\xba\xd0\xb0\xd0\xb7\xd0\xb0\xd0\xbd\xd0\xbd\xd1\x8b\xd0\xb9 \xd0\xbc\xd0\xbe\xd0\xb4\xd1\x83\xd0\xbb\xd1\x8c)) in Unknown on line 0
[Thu Mar 11 16:23:25.974858 2021] [mpm_winnt:notice] [pid 18476:tid 564] AH00455: Apache/2.4.46 (Win64) PHP/8.0.3 configured -- resuming normal operations
[Thu Mar 11 16:23:25.974858 2021] [mpm_winnt:notice] [pid 18476:tid 564] AH00456: Apache Lounge VS16 Server built: Feb 17 2021 13:11:14
[Thu Mar 11 16:23:25.974858 2021] [core:notice] [pid 18476:tid 564] AH00094: Command line: 'C:\\Apache24\\bin\\httpd.exe -d C:/Apache24'
[Thu Mar 11 16:23:25.976859 2021] [mpm_winnt:notice] [pid 18476:tid 564] AH00418: Parent: Created child process 5648
Apache server shutdown initiated...
 load dynamic library 'mysqli' (tried: ext\\mysqli (\xd0\x9d\xd0\xb5 \xd0\xbd\xd0\xb0\xd0\xb9\xd0\xb4\xd0\xb5\xd0\xbd \xd1\x83\xd0\xba\xd0\xb0\xd0\xb7\xd0\xb0\xd0\xbd\xd0\xbd\xd1\x8b\xd0\xb9 \xd0\xbc\xd0\xbe\xd0\xb4\xd1\x83\xd0\xbb\xd1\x8c), ext\\php_mysqli.dll (\xd0\x9d\xd0\xb5 \xd0\xbd\xd0\xb0\xd0\xb9\xd0\xb4\xd0\xb5\xd0\xbd \xd1\x83\xd0\xba\xd0\xb0\xd0\xb7\xd0\xb0\xd0\xbd\xd0\xbd\xd1\x8b\xd0\xb9 \xd0\xbc\xd0\xbe\xd0\xb4\xd1\x83\xd0\xbb\xd1\x8c)) in Unknown on line 0
[Thu Mar 11 16:23:26.323584 2021] [mpm_winnt:notice] [pid 5648:tid 668] AH00354: Child: Starting 64 worker threads.
[Thu Mar 11 16:50:50.423406 2021] [mpm_winnt:notice] [pid 18476:tid 564] AH00422: Parent: Received shutdown signal -- Shutting down the server.
[Thu Mar 11 16:50:52.425799 2021] [mpm_winnt:notice] [pid 5648:tid 668] AH00364: Child: All worker threads have exited.
[Thu Mar 11 16:50:54.390131 2021] [mpm_winnt:notice] [pid 18476:tid 564] AH00430: Parent: Child process 5648 exited successfully.
PHP Warning:  PHP Startup: Unable to load dynamic library 'mysqli' (tried: ext\\mysqli (\xd0\x9d\xd0\xb5 \xd0\xbd\xd0\xb0\xd0\xb9\xd0\xb4\xd0\xb5\xd0\xbd \xd1\x83\xd0\xba\xd0\xb0\xd0\xb7\xd0\xb0\xd0\xbd\xd0\xbd\xd1\x8b\xd0\xb9 \xd0\xbc\xd0\xbe\xd0\xb4\xd1\x83\xd0\xbb\xd1\x8c), ext\\php_mysqli.dll (\xd0\x9d\xd0\xb5 \xd0\xbd\xd0\xb0\xd0\xb9\xd0\xb4\xd0\xb5\xd0\xbd \xd1\x83\xd0\xba\xd0\xb0\xd0\xb7\xd0\xb0\xd0\xbd\xd0\xbd\xd1\x8b\xd0\xb9 \xd0\xbc\xd0\xbe\xd0\xb4\xd1\x83\xd0\xbb\xd1\x8c)) in Unknown on line 0
PHP Warning:  PHP Startup: Unable to load dynamic library 'exif' (tried: ext\\exif (\xd0\x9d\xd0\xb5 \xd0\xbd\xd0\xb0\xd0\xb9\xd0\xb4\xd0\xb5\xd0\xbd \xd1\x83\xd0\xba\xd0\xb0\xd0\xb7\xd0\xb0\xd0\xbd\xd0\xbd\xd1\x8b\xd0\xb9 \xd0\xbc\xd0\xbe\xd0\xb4\xd1\x83\xd0\xbb\xd1\x8c), ext\\php_exif.dll (\xd0\x9d\xd0\xb5 \xd0\xbd\xd0\xb0\xd0\xb9\xd0\xb4\xd0\xb5\xd0\xbd \xd1\x83\xd0\xba\xd0\xb0\xd0\xb7\xd0\xb0\xd0\xbd\xd0\xbd\xd1\x8b\xd0\xb9 \xd0\xbc\xd0\xbe\xd0\xb4\xd1\x83\xd0\xbb\xd1\x8c)) in Unknown on line 0
PHP Warning:  PHP Startup: Unable to load dynamic library 'mysqli' (tried: ext\\mysqli (\xd0\x9d\xd0\xb5 \xd0\xbd\xd0\xb0\xd0\xb9\xd0\xb4\xd0\xb5\xd0\xbd \xd1\x83\xd0\xba\xd0\xb0\xd0\xb7\xd0\xb0\xd0\xbd\xd0\xbd\xd1\x8b\xd0\xb9 \xd0\xbc\xd0\xbe\xd0\xb4\xd1\x83\xd0\xbb\xd1\x8c), ext\\php_mysqli.dll (\xd0\x9d\xd0\xb5 \xd0\xbd\xd0\xb0\xd0\xb9\xd0\xb4\xd0\xb5\xd0\xbd \xd1\x83\xd0\xba\xd0\xb0\xd0\xb7\xd0\xb0\xd0\xbd\xd0\xbd\xd1\x8b\xd0\xb9 \xd0\xbc\xd0\xbe\xd0\xb4\xd1\x83\xd0\xbb\xd1\x8c)) in Unknown on line 0
PHP Warning:  PHP Startup: Unable to load dynamic library 'openssl' (tried: ext\\openssl (\xd0\x9d\xd0\xb5 \xd0\xbd\xd0\xb0\xd0\xb9\xd0\xb4\xd0\xb5\xd0\xbd \xd1\x83\xd0\xba\xd0\xb0\xd0\xb7\xd0\xb0\xd0\xbd\xd0\xbd\xd1\x8b\xd0\xb9 \xd0\xbc\xd0\xbe\xd0\xb4\xd1\x83\xd0\xbb\xd1\x8c), ext\\php_openssl.dll (\xd0\x9d\xd0\xb5 \xd0\xbd\xd0\xb0\xd0\xb9\xd0\xb4\xd0\xb5\xd0\xbd \xd1\x83\xd0\xba\xd0\xb0\xd0\xb7\xd0\xb0\xd0\xbd\xd0\xbd\xd1\x8b\xd0\xb9 \xd0\xbc\xd0\xbe\xd0\xb4\xd1\x83\xd0\xbb\xd1\x8c)) in Unknown on line 0
[Thu Mar 11 16:51:04.353166 2021] [mpm_winnt:notice] [pid 15852:tid 648] AH00455: Apache/2.4.46 (Win64) PHP/8.0.3 configured -- resuming normal operations
[Thu Mar 11 16:51:04.354167 2021] [mpm_winnt:notice] [pid 15852:tid 648] AH00456: Apache Lounge VS16 Server built: Feb 17 2021 13:11:14
[Thu Mar 11 16:51:04.354167 2021] [core:notice] [pid 15852:tid 648] AH00094: Command line: 'C:\\Apache24\\bin\\httpd.exe -d C:/Apache24'
[Thu Mar 11 16:51:04.357170 2021] [mpm_winnt:notice] [pid 15852:tid 648] AH00418: Parent: Created child process 25680
Apache server shutdown initiated...
 load dynamic library 'mysqli' (tried: ext\\mysqli (\xd0\x9d\xd0\xb5 \xd0\xbd\xd0\xb0\xd0\xb9\xd0\xb4\xd0\xb5\xd0\xbd \xd1\x83\xd0\xba\xd0\xb0\xd0\xb7\xd0\xb0\xd0\xbd\xd0\xbd\xd1\x8b\xd0\xb9 \xd0\xbc\xd0\xbe\xd0\xb4\xd1\x83\xd0\xbb\xd1\x8c), ext\\php_mysqli.dll (\xd0\x9d\xd0\xb5 \xd0\xbd\xd0\xb0\xd0\xb9\xd0\xb4\xd0\xb5\xd0\xbd \xd1\x83\xd0\xba\xd0\xb0\xd0\xb7\xd0\xb0\xd0\xbd\xd0\xbd\xd1\x8b\xd0\xb9 \xd0\xbc\xd0\xbe\xd0\xb4\xd1\x83\xd0\xbb\xd1\x8c)) in Unknown on line 0
PHP Warning:  PHP Startup: Unable to load dynamic library 'exif' (tried: ext\\exif (\xd0\x9d\xd0\xb5 \xd0\xbd\xd0\xb0\xd0\xb9\xd0\xb4\xd0\xb5\xd0\xbd \xd1\x83\xd0\xba\xd0\xb0\xd0\xb7\xd0\xb0\xd0\xbd\xd0\xbd\xd1\x8b\xd0\xb9 \xd0\xbc\xd0\xbe\xd0\xb4\xd1\x83\xd0\xbb\xd1\x8c), ext\\php_exif.dll (\xd0\x9d\xd0\xb5 \xd0\xbd\xd0\xb0\xd0\xb9\xd0\xb4\xd0\xb5\xd0\xbd \xd1\x83\xd0\xba\xd0\xb0\xd0\xb7\xd0\xb0\xd0\xbd\xd0\xbd\xd1\x8b\xd0\xb9 \xd0\xbc\xd0\xbe\xd0\xb4\xd1\x83\xd0\xbb\xd1\x8c)) in Unknown on line 0
PHP Warning:  PHP Startup: Unable to load dynamic library 'mysqli' (tried: ext\\mysqli (\xd0\x9d\xd0\xb5 \xd0\xbd\xd0\xb0\xd0\xb9\xd0\xb4\xd0\xb5\xd0\xbd \xd1\x83\xd0\xba\xd0\xb0\xd0\xb7\xd0\xb0\xd0\xbd\xd0\xbd\xd1\x8b\xd0\xb9 \xd0\xbc\xd0\xbe\xd0\xb4\xd1\x83\xd0\xbb\xd1\x8c), ext\\php_mysqli.dll (\xd0\x9d\xd0\xb5 \xd0\xbd\xd0\xb0\xd0\xb9\xd0\xb4\xd0\xb5\xd0\xbd \xd1\x83\xd0\xba\xd0\xb0\xd0\xb7\xd0\xb0\xd0\xbd\xd0\xbd\xd1\x8b\xd0\xb9 \xd0\xbc\xd0\xbe\xd0\xb4\xd1\x83\xd0\xbb\xd1\x8c)) in Unknown on line 0
PHP Warning:  PHP Startup: Unable to load dynamic library 'openssl' (tried: ext\\openssl (\xd0\x9d\xd0\xb5 \xd0\xbd\xd0\xb0\xd0\xb9\xd0\xb4\xd0\xb5\xd0\xbd \xd1\x83\xd0\xba\xd0\xb0\xd0\xb7\xd0\xb0\xd0\xbd\xd0\xbd\xd1\x8b\xd0\xb9 \xd0\xbc\xd0\xbe\xd0\xb4\xd1\x83\xd0\xbb\xd1\x8c), ext\\php_openssl.dll (\xd0\x9d\xd0\xb5 \xd0\xbd\xd0\xb0\xd0\xb9\xd0\xb4\xd0\xb5\xd0\xbd \xd1\x83\xd0\xba\xd0\xb0\xd0\xb7\xd0\xb0\xd0\xbd\xd0\xbd\xd1\x8b\xd0\xb9 \xd0\xbc\xd0\xbe\xd0\xb4\xd1\x83\xd0\xbb\xd1\x8c)) in Unknown on line 0
[Thu Mar 11 16:51:04.722767 2021] [mpm_winnt:notice] [pid 25680:tid 688] AH00354: Child: Starting 64 worker threads.
[Thu Mar 11 16:51:10.630993 2021] [mpm_winnt:notice] [pid 15852:tid 648] AH00422: Parent: Received shutdown signal -- Shutting down the server.
[Thu Mar 11 16:51:42.575049 2021] [mpm_winnt:notice] [pid 25680:tid 688] AH00362: Child: Waiting 30 more seconds for 1 worker threads to finish.
[Thu Mar 11 16:51:43.905426 2021] [core:warn] [pid 8536:tid 600] AH00098: pid file C:/Apache24/logs/httpd.pid overwritten -- Unclean shutdown of previous Apache run?
PHP Warning:  PHP Startup: Unable to load dynamic library 'mysqli' (tried: ext\\mysqli (\xd0\x9d\xd0\xb5 \xd0\xbd\xd0\xb0\xd0\xb9\xd0\xb4\xd0\xb5\xd0\xbd \xd1\x83\xd0\xba\xd0\xb0\xd0\xb7\xd0\xb0\xd0\xbd\xd0\xbd\xd1\x8b\xd0\xb9 \xd0\xbc\xd0\xbe\xd0\xb4\xd1\x83\xd0\xbb\xd1\x8c), ext\\php_mysqli.dll (\xd0\x9d\xd0\xb5 \xd0\xbd\xd0\xb0\xd0\xb9\xd0\xb4\xd0\xb5\xd0\xbd \xd1\x83\xd0\xba\xd0\xb0\xd0\xb7\xd0\xb0\xd0\xbd\xd0\xbd\xd1\x8b\xd0\xb9 \xd0\xbc\xd0\xbe\xd0\xb4\xd1\x83\xd0\xbb\xd1\x8c)) in Unknown on line 0
PHP Warning:  PHP Startup: Unable to load dynamic library 'exif' (tried: ext\\exif (\xd0\x9d\xd0\xb5 \xd0\xbd\xd0\xb0\xd0\xb9\xd0\xb4\xd0\xb5\xd0\xbd \xd1\x83\xd0\xba\xd0\xb0\xd0\xb7\xd0\xb0\xd0\xbd\xd0\xbd\xd1\x8b\xd0\xb9 \xd0\xbc\xd0\xbe\xd0\xb4\xd1\x83\xd0\xbb\xd1\x8c), ext\\php_exif.dll (\xd0\x9d\xd0\xb5 \xd0\xbd\xd0\xb0\xd0\xb9\xd0\xb4\xd0\xb5\xd0\xbd \xd1\x83\xd0\xba\xd0\xb0\xd0\xb7\xd0\xb0\xd0\xbd\xd0\xbd\xd1\x8b\xd0\xb9 \xd0\xbc\xd0\xbe\xd0\xb4\xd1\x83\xd0\xbb\xd1\x8c)) in Unknown on line 0
PHP Warning:  PHP Startup: Unable to load dynamic library 'mysqli' (tried: ext\\mysqli (\xd0\x9d\xd0\xb5 \xd0\xbd\xd0\xb0\xd0\xb9\xd0\xb4\xd0\xb5\xd0\xbd \xd1\x83\xd0\xba\xd0\xb0\xd0\xb7\xd0\xb0\xd0\xbd\xd0\xbd\xd1\x8b\xd0\xb9 \xd0\xbc\xd0\xbe\xd0\xb4\xd1\x83\xd0\xbb\xd1\x8c), ext\\php_mysqli.dll (\xd0\x9d\xd0\xb5 \xd0\xbd\xd0\xb0\xd0\xb9\xd0\xb4\xd0\xb5\xd0\xbd \xd1\x83\xd0\xba\xd0\xb0\xd0\xb7\xd0\xb0\xd0\xbd\xd0\xbd\xd1\x8b\xd0\xb9 \xd0\xbc\xd0\xbe\xd0\xb4\xd1\x83\xd0\xbb\xd1\x8c)) in Unknown on line 0
PHP Warning:  PHP Startup: Unable to load dynamic library 'openssl' (tried: ext\\openssl (\xd0\x9d\xd0\xb5 \xd0\xbd\xd0\xb0\xd0\xb9\xd0\xb4\xd0\xb5\xd0\xbd \xd1\x83\xd0\xba\xd0\xb0\xd0\xb7\xd0\xb0\xd0\xbd\xd0\xbd\xd1\x8b\xd0\xb9 \xd0\xbc\xd0\xbe\xd0\xb4\xd1\x83\xd0\xbb\xd1\x8c), ext\\php_openssl.dll (\xd0\x9d\xd0\xb5 \xd0\xbd\xd0\xb0\xd0\xb9\xd0\xb4\xd0\xb5\xd0\xbd \xd1\x83\xd0\xba\xd0\xb0\xd0\xb7\xd0\xb0\xd0\xbd\xd0\xbd\xd1\x8b\xd0\xb9 \xd0\xbc\xd0\xbe\xd0\xb4\xd1\x83\xd0\xbb\xd1\x8c)) in Unknown on line 0
[Thu Mar 11 16:51:43.925444 2021] [mpm_winnt:notice] [pid 8536:tid 600] AH00455: Apache/2.4.46 (Win64) PHP/8.0.3 configured -- resuming normal operations
[Thu Mar 11 16:51:43.925444 2021] [mpm_winnt:notice] [pid 8536:tid 600] AH00456: Apache Lounge VS16 Server built: Feb 17 2021 13:11:14
[Thu Mar 11 16:51:43.925444 2021] [core:notice] [pid 8536:tid 600] AH00094: Command line: 'C:\\Apache24\\bin\\httpd.exe -d C:/Apache24'
[Thu Mar 11 16:51:43.928447 2021] [mpm_winnt:notice] [pid 8536:tid 600] AH00418: Parent: Created child process 10924
Apache server shutdown initiated...
 load dynamic library 'mysqli' (tried: ext\\mysqli (\xd0\x9d\xd0\xb5 \xd0\xbd\xd0\xb0\xd0\xb9\xd0\xb4\xd0\xb5\xd0\xbd \xd1\x83\xd0\xba\xd0\xb0\xd0\xb7\xd0\xb0\xd0\xbd\xd0\xbd\xd1\x8b\xd0\xb9 \xd0\xbc\xd0\xbe\xd0\xb4\xd1\x83\xd0\xbb\xd1\x8c), ext\\php_mysqli.dll (\xd0\x9d\xd0\xb5 \xd0\xbd\xd0\xb0\xd0\xb9\xd0\xb4\xd0\xb5\xd0\xbd \xd1\x83\xd0\xba\xd0\xb0\xd0\xb7\xd0\xb0\xd0\xbd\xd0\xbd\xd1\x8b\xd0\xb9 \xd0\xbc\xd0\xbe\xd0\xb4\xd1\x83\xd0\xbb\xd1\x8c)) in Unknown on line 0
PHP Warning:  PHP Startup: Unable to load dynamic library 'exif' (tried: ext\\exif (\xd0\x9d\xd0\xb5 \xd0\xbd\xd0\xb0\xd0\xb9\xd0\xb4\xd0\xb5\xd0\xbd \xd1\x83\xd0\xba\xd0\xb0\xd0\xb7\xd0\xb0\xd0\xbd\xd0\xbd\xd1\x8b\xd0\xb9 \xd0\xbc\xd0\xbe\xd0\xb4\xd1\x83\xd0\xbb\xd1\x8c), ext\\php_exif.dll (\xd0\x9d\xd0\xb5 \xd0\xbd\xd0\xb0\xd0\xb9\xd0\xb4\xd0\xb5\xd0\xbd \xd1\x83\xd0\xba\xd0\xb0\xd0\xb7\xd0\xb0\xd0\xbd\xd0\xbd\xd1\x8b\xd0\xb9 \xd0\xbc\xd0\xbe\xd0\xb4\xd1\x83\xd0\xbb\xd1\x8c)) in Unknown on line 0
PHP Warning:  PHP Startup: Unable to load dynamic library 'mysqli' (tried: ext\\mysqli (\xd0\x9d\xd0\xb5 \xd0\xbd\xd0\xb0\xd0\xb9\xd0\xb4\xd0\xb5\xd0\xbd \xd1\x83\xd0\xba\xd0\xb0\xd0\xb7\xd0\xb0\xd0\xbd\xd0\xbd\xd1\x8b\xd0\xb9 \xd0\xbc\xd0\xbe\xd0\xb4\xd1\x83\xd0\xbb\xd1\x8c), ext\\php_mysqli.dll (\xd0\x9d\xd0\xb5 \xd0\xbd\xd0\xb0\xd0\xb9\xd0\xb4\xd0\xb5\xd0\xbd \xd1\x83\xd0\xba\xd0\xb0\xd0\xb7\xd0\xb0\xd0\xbd\xd0\xbd\xd1\x8b\xd0\xb9 \xd0\xbc\xd0\xbe\xd0\xb4\xd1\x83\xd0\xbb\xd1\x8c)) in Unknown on line 0
PHP Warning:  PHP Startup: Unable to load dynamic library 'openssl' (tried: ext\\openssl (\xd0\x9d\xd0\xb5 \xd0\xbd\xd0\xb0\xd0\xb9\xd0\xb4\xd0\xb5\xd0\xbd \xd1\x83\xd0\xba\xd0\xb0\xd0\xb7\xd0\xb0\xd0\xbd\xd0\xbd\xd1\x8b\xd0\xb9 \xd0\xbc\xd0\xbe\xd0\xb4\xd1\x83\xd0\xbb\xd1\x8c), ext\\php_openssl.dll (\xd0\x9d\xd0\xb5 \xd0\xbd\xd0\xb0\xd0\xb9\xd0\xb4\xd0\xb5\xd0\xbd \xd1\x83\xd0\xba\xd0\xb0\xd0\xb7\xd0\xb0\xd0\xbd\xd0\xbd\xd1\x8b\xd0\xb9 \xd0\xbc\xd0\xbe\xd0\xb4\xd1\x83\xd0\xbb\xd1\x8c)) in Unknown on line 0
[Thu Mar 11 16:51:44.293699 2021] [mpm_winnt:notice] [pid 10924:tid 700] AH00354: Child: Starting 64 worker threads.
[Thu Mar 11 16:52:07.413057 2021] [mpm_winnt:notice] [pid 25680:tid 688] AH00364: Child: All worker threads have exited.
[Thu Mar 11 22:37:31.468749 2021] [mpm_winnt:notice] [pid 8536:tid 600] AH00422: Parent: Received shutdown signal -- Shutting down the server.
[Thu Mar 11 22:37:33.471935 2021] [mpm_winnt:notice] [pid 10924:tid 700] AH00364: Child: All worker threads have exited.
[Thu Mar 11 22:37:35.156051 2021] [mpm_winnt:notice] [pid 8536:tid 600] AH00430: Parent: Child process 10924 exited successfully.
